<?xml version="1.0" encoding="UTF-8"?>
<!-- Generated by org.testng.reporters.JUnitReportReporter -->
<testsuite hostname="DESKTOP-EA7JUGT" failures="0" tests="1" name="cucumber.TestNGTestRunner" time="8.262" errors="0" timestamp="2025-02-24T13:15:06 IST" skipped="0">
  <testcase classname="cucumber.TestNGTestRunner" name="runScenario" time="8.262"/>
</testsuite> <!-- cucumber.TestNGTestRunner -->
