<?xml version="1.0" encoding="UTF-8"?>
<!-- Generated by org.testng.reporters.JUnitReportReporter -->
<testsuite hostname="DESKTOP-EA7JUGT" failures="0" tests="2" name="rahulshettyacademy.tests.SampleOrderTestThird" time="10.158" errors="0" timestamp="2025-02-01T13:09:28 IST" skipped="0">
  <testcase classname="rahulshettyacademy.tests.SampleOrderTestThird" name="OrderHistoryTest" time="3.160"/>
  <testcase classname="rahulshettyacademy.tests.SampleOrderTestThird" name="submitOrderTest" time="6.998"/>
</testsuite> <!-- rahulshettyacademy.tests.SampleOrderTestThird -->
