<?xml version="1.0" encoding="UTF-8"?>
<!-- Generated by org.testng.reporters.JUnitReportReporter -->
<testsuite hostname="DESKTOP-EA7JUGT" failures="0" tests="2" name="rahulshettyacademy.tests.SampleOrderTestFourthDataProvider" time="11.828" errors="0" timestamp="2025-02-06T13:30:02 IST" skipped="0">
  <testcase classname="rahulshettyacademy.tests.SampleOrderTestFourthDataProvider" name="submitOrderTest" time="5.838"/>
  <testcase classname="rahulshettyacademy.tests.SampleOrderTestFourthDataProvider" name="submitOrderTest" time="5.990"/>
</testsuite> <!-- rahulshettyacademy.tests.SampleOrderTestFourthDataProvider -->
