<?xml version="1.0" encoding="UTF-8"?>
<!-- Generated by org.testng.reporters.JUnitReportReporter -->
<testsuite hostname="DESKTOP-EA7JUGT" failures="0" tests="2" name="rahulshettyacademy.tests.SampleOrderTestFifthHashMap" time="12.334" errors="0" timestamp="2025-02-05T11:46:36 IST" skipped="0">
  <testcase classname="rahulshettyacademy.tests.SampleOrderTestFifthHashMap" name="submitOrderTest" time="5.919"/>
  <testcase classname="rahulshettyacademy.tests.SampleOrderTestFifthHashMap" name="submitOrderTest" time="6.415"/>
</testsuite> <!-- rahulshettyacademy.tests.SampleOrderTestFifthHashMap -->
