<?xml version="1.0" encoding="UTF-8"?>
<!-- Generated by org.testng.reporters.JUnitReportReporter -->
<testsuite hostname="DESKTOP-EA7JUGT" failures="0" tests="3" name="rahulshettyacademy.tests.SampleOrderTestSixthJson" time="20.793" errors="0" timestamp="2025-02-24T11:30:23 IST" skipped="0">
  <testcase classname="rahulshettyacademy.tests.SampleOrderTestSixthJson" name="submitOrderTest" time="7.801"/>
  <testcase classname="rahulshettyacademy.tests.SampleOrderTestSixthJson" name="submitOrderTest" time="5.507"/>
  <testcase classname="rahulshettyacademy.tests.SampleOrderTestSixthJson" name="submitOrderTest" time="7.485"/>
</testsuite> <!-- rahulshettyacademy.tests.SampleOrderTestSixthJson -->
