<?xml version="1.0" encoding="UTF-8"?>
<!-- Generated by org.testng.reporters.JUnitReportReporter -->
<testsuite hostname="DESKTOP-EA7JUGT" failures="0" tests="1" name="rahulshettyacademy.tests.SampleOrderTestSecond" time="8.228" errors="0" timestamp="2025-02-01T12:42:09 IST" skipped="0">
  <testcase classname="rahulshettyacademy.tests.SampleOrderTestSecond" name="submitOrderTest" time="8.228"/>
</testsuite> <!-- rahulshettyacademy.tests.SampleOrderTestSecond -->
