<?xml version="1.0" encoding="UTF-8"?>
<!-- Generated by org.testng.reporters.JUnitReportReporter -->
<testsuite hostname="DESKTOP-EA7JUGT" failures="0" tests="4" name="rahulshettyacademy.tests.SampleOrderTestSixthJson" time="34.052" errors="0" timestamp="2025-02-24T14:47:50 IST" skipped="0">
  <testcase classname="rahulshettyacademy.tests.SampleOrderTestSixthJson" name="submitOrderTest" time="9.958"/>
  <testcase classname="rahulshettyacademy.tests.SampleOrderTestSixthJson" name="OrderHistoryTest" time="6.506"/>
  <testcase classname="rahulshettyacademy.tests.SampleOrderTestSixthJson" name="submitOrderTest" time="8.914"/>
  <testcase classname="rahulshettyacademy.tests.SampleOrderTestSixthJson" name="submitOrderTest" time="8.674"/>
</testsuite> <!-- rahulshettyacademy.tests.SampleOrderTestSixthJson -->
