<?xml version="1.0" encoding="UTF-8"?>
<!-- Generated by org.testng.reporters.JUnitReportReporter -->
<testsuite hostname="DESKTOP-EA7JUGT" failures="0" tests="1" name="cucumber.TestNGTestRunner" time="3.874" errors="0" timestamp="2025-02-24T14:57:02 IST" skipped="0">
  <testcase classname="cucumber.TestNGTestRunner" name="runScenario" time="3.874"/>
</testsuite> <!-- cucumber.TestNGTestRunner -->
