<?xml version="1.0" encoding="UTF-8"?>
<!-- Generated by org.testng.reporters.JUnitReportReporter -->
<testsuite hostname="DESKTOP-EA7JUGT" failures="0" tests="4" name="rahulshettyacademy.tests.SampleOrderTestSixthJson" time="37.006" errors="0" timestamp="2025-03-03T15:52:49 IST" skipped="0">
  <testcase classname="rahulshettyacademy.tests.SampleOrderTestSixthJson" name="submitOrderTest" time="10.934"/>
  <testcase classname="rahulshettyacademy.tests.SampleOrderTestSixthJson" name="submitOrderTest" time="9.401"/>
  <testcase classname="rahulshettyacademy.tests.SampleOrderTestSixthJson" name="submitOrderTest" time="11.545"/>
  <testcase classname="rahulshettyacademy.tests.SampleOrderTestSixthJson" name="OrderHistoryTest" time="5.126"/>
</testsuite> <!-- rahulshettyacademy.tests.SampleOrderTestSixthJson -->
